<?xml version="1.0" encoding="UTF-8"?>
<!-- Generated by org.testng.reporters.JUnitReportReporter -->
<testsuite hostname="RishmaPC" name="dropdownDemo.SelectFacebookDropdown" tests="1" failures="0" timestamp="18 Jun 2016 19:25:59 GMT" time="26.312" errors="0">
  <testcase name="selectDDvalues" time="26.312" classname="dropdownDemo.SelectFacebookDropdown"/>
</testsuite> <!-- dropdownDemo.SelectFacebookDropdown -->
