<?xml version="1.0" encoding="UTF-8"?>
<!-- Generated by org.testng.reporters.JUnitReportReporter -->
<testsuite hostname="RishmaPC" name="assertionName.verifyTitle" tests="1" failures="1" timestamp="30 Jul 2016 21:20:53 GMT" time="48.047" errors="0">
  <testcase name="veriftitleTest" time="48.047" classname="assertionName.verifyTitle">
    <failure type="org.openqa.selenium.WebDriverException" message="Failed to connect to binary FirefoxBinary(C:\Program Files (x86)\Mozilla Firefox\firefox.exe) on port 7055; process output follows: 
 het internet met de extensie van Kaspersky Lab&quot;,&quot;creator&quot;:null,&quot;homepageURL&quot;:null},{&quot;locales&quot;:[&quot;pt-BR&quot;],&quot;name&quot;:&quot;ProteÃ§Ã£o Kaspersky&quot;,&quot;description&quot;:&quot;Sua proteÃ§Ã£o na Internet com a extensÃ£o da Kaspersky Lab&quot;,&quot;creator&quot;:null,&quot;homepageURL&quot;:null},{&quot;locales&quot;:[&quot;ru&quot;],&quot;name&quot;:&quot;Kaspersky Protection&quot;,&quot;description&quot;:&quot;Ð’Ð°ÑˆÐ° Ð·Ð°Ñ‰Ð¸Ñ‚Ð° Ð² Ð¸Ð½Ñ‚ÐµÑ€Ð½ÐµÑ‚Ðµ Ñ� Ñ€Ð°Ñ�ÑˆÐ¸Ñ€ÐµÐ½Ð¸ÐµÐ¼ Ð¾Ñ‚ \\\&quot;Ð›Ð°Ð±Ð¾Ñ€Ð°Ñ‚Ð¾Ñ€Ð¸Ð¸ ÐšÐ°Ñ�Ð¿ÐµÑ€Ñ�ÐºÐ¾Ð³Ð¾\\\&quot;&quot;,&quot;creator&quot;:null,&quot;homepageURL&quot;:null},{&quot;locales&quot;:[&quot;sv&quot;],&quot;name&quot;:&quot;Kaspersky Protection&quot;,&quot;description&quot;:&quot;Ditt skydd pÃ¥ internet med tillÃ¤gg frÃ¥n Kaspersky Lab&quot;,&quot;creator&quot;:null,&quot;homepageURL&quot;:null},{&quot;locales&quot;:[&quot;zh-Hans&quot;],&quot;name&quot;:&quot;å�¡å·´æ–¯åŸºä¿�æŠ¤&quot;,&quot;description&quot;:&quot;ä½¿ç”¨å�¡å·´æ–¯åŸºå®žéªŒå®¤çš„æ‰©å±•åŠŸèƒ½å¯¹æ‚¨çš„äº’è�”ç½‘çš„ä¿�æŠ¤ã€‚&quot;,&quot;creator&quot;:null,&quot;homepageURL&quot;:null}],&quot;targetApplications&quot;:[{&quot;id&quot;:&quot;{ec8030f7-c20a-464f-9b0e-13a3a9e97384}&quot;,&quot;minVersion&quot;:&quot;26.0&quot;,&quot;maxVersion&quot;:&quot;30.0&quot;}],&quot;targetPlatforms&quot;:[],&quot;multiprocessCompatible&quot;:false,&quot;signedState&quot;:0,&quot;seen&quot;:true}
1469913608045	DeferredSave.extensions.json	DEBUG	Save changes
1469913608045	addons.xpi	DEBUG	Updating database with changes to installed add-ons
1469913608046	addons.xpi-utils	DEBUG	Updating add-on states
1469913608049	addons.xpi-utils	DEBUG	Writing add-ons list
1469913608059	addons.xpi	DEBUG	Registering manifest for C:\Program Files (x86)\Mozilla Firefox\browser\features\e10srollout@mozilla.org.xpi
1469913608061	addons.xpi	DEBUG	Calling bootstrap method startup on e10srollout@mozilla.org version 1.0
1469913608061	addons.xpi	DEBUG	Registering manifest for C:\Program Files (x86)\Mozilla Firefox\browser\features\firefox@getpocket.com.xpi
1469913608063	addons.xpi	DEBUG	Calling bootstrap method startup on firefox@getpocket.com version 1.0.2
1469913608066	addons.xpi	DEBUG	Registering manifest for C:\Program Files (x86)\Mozilla Firefox\browser\features\loop@mozilla.org.xpi
1469913608068	addons.xpi	DEBUG	Calling bootstrap method startup on loop@mozilla.org version 1.3.2
1469913608139	addons.manager	DEBUG	Registering shutdown blocker for XPIProvider
1469913608139	addons.manager	DEBUG	Provider finished startup: XPIProvider
1469913608140	addons.manager	DEBUG	Starting provider: LightweightThemeManager
1469913608140	addons.manager	DEBUG	Registering shutdown blocker for LightweightThemeManager
1469913608140	addons.manager	DEBUG	Provider finished startup: LightweightThemeManager
1469913608142	addons.manager	DEBUG	Starting provider: GMPProvider
1469913608193	addons.manager	DEBUG	Registering shutdown blocker for GMPProvider
1469913608194	addons.manager	DEBUG	Provider finished startup: GMPProvider
1469913608194	addons.manager	DEBUG	Starting provider: PluginProvider
1469913608195	addons.manager	DEBUG	Registering shutdown blocker for PluginProvider
1469913608196	addons.manager	DEBUG	Provider finished startup: PluginProvider
1469913608197	addons.manager	DEBUG	Completed startup sequence
1469913610918	addons.manager	DEBUG	Starting provider: &lt;unnamed-provider&gt;
1469913610918	addons.manager	DEBUG	Registering shutdown blocker for &lt;unnamed-provider&gt;
1469913610919	addons.manager	DEBUG	Provider finished startup: &lt;unnamed-provider&gt;
1469913611687	DeferredSave.extensions.json	DEBUG	Write succeeded
1469913611688	addons.xpi-utils	DEBUG	XPI Database saved, setting schema version preference to 17
1469913611689	DeferredSave.extensions.json	DEBUG	Starting timer
1469913611724	DeferredSave.extensions.json	DEBUG	Starting write
1469913611749	addons.repository	DEBUG	No addons.json found.
1469913611751	DeferredSave.addons.json	DEBUG	Save changes
1469913611760	DeferredSave.addons.json	DEBUG	Starting timer
1469913611871	addons.manager	DEBUG	Starting provider: PreviousExperimentProvider
1469913611872	addons.manager	DEBUG	Registering shutdown blocker for PreviousExperimentProvider
1469913611873	addons.manager	DEBUG	Provider finished startup: PreviousExperimentProvider
1469913612004	DeferredSave.addons.json	DEBUG	Starting write
1469913612075	DeferredSave.extensions.json	DEBUG	Write succeeded
1469913612156	DeferredSave.addons.json	DEBUG	Write succeeded

Build info: version: &#039;2.53.0&#039;, revision: &#039;35ae25b&#039;, time: &#039;2016-03-15 16:57:40&#039;
System info: host: &#039;RishmaPC&#039;, ip: &#039;10.0.0.52&#039;, os.name: &#039;Windows 8.1&#039;, os.arch: &#039;amd64&#039;, os.version: &#039;6.3&#039;, java.version: &#039;1.8.0_45&#039;
Driver info: driver.version: FirefoxDriver">
      <![CDATA[org.openqa.selenium.WebDriverException: Failed to connect to binary FirefoxBinary(C:\Program Files (x86)\Mozilla Firefox\firefox.exe) on port 7055; process output follows: 
 het internet met de extensie van Kaspersky Lab","creator":null,"homepageURL":null},{"locales":["pt-BR"],"name":"ProteÃ§Ã£o Kaspersky","description":"Sua proteÃ§Ã£o na Internet com a extensÃ£o da Kaspersky Lab","creator":null,"homepageURL":null},{"locales":["ru"],"name":"Kaspersky Protection","description":"Ð’Ð°ÑˆÐ° Ð·Ð°Ñ‰Ð¸Ñ‚Ð° Ð² Ð¸Ð½Ñ‚ÐµÑ€Ð½ÐµÑ‚Ðµ Ñ� Ñ€Ð°Ñ�ÑˆÐ¸Ñ€ÐµÐ½Ð¸ÐµÐ¼ Ð¾Ñ‚ \\\"Ð›Ð°Ð±Ð¾Ñ€Ð°Ñ‚Ð¾Ñ€Ð¸Ð¸ ÐšÐ°Ñ�Ð¿ÐµÑ€Ñ�ÐºÐ¾Ð³Ð¾\\\"","creator":null,"homepageURL":null},{"locales":["sv"],"name":"Kaspersky Protection","description":"Ditt skydd pÃ¥ internet med tillÃ¤gg frÃ¥n Kaspersky Lab","creator":null,"homepageURL":null},{"locales":["zh-Hans"],"name":"å�¡å·´æ–¯åŸºä¿�æŠ¤","description":"ä½¿ç”¨å�¡å·´æ–¯åŸºå®žéªŒå®¤çš„æ‰©å±•åŠŸèƒ½å¯¹æ‚¨çš„äº’è�”ç½‘çš„ä¿�æŠ¤ã€‚","creator":null,"homepageURL":null}],"targetApplications":[{"id":"{ec8030f7-c20a-464f-9b0e-13a3a9e97384}","minVersion":"26.0","maxVersion":"30.0"}],"targetPlatforms":[],"multiprocessCompatible":false,"signedState":0,"seen":true}
1469913608045	DeferredSave.extensions.json	DEBUG	Save changes
1469913608045	addons.xpi	DEBUG	Updating database with changes to installed add-ons
1469913608046	addons.xpi-utils	DEBUG	Updating add-on states
1469913608049	addons.xpi-utils	DEBUG	Writing add-ons list
1469913608059	addons.xpi	DEBUG	Registering manifest for C:\Program Files (x86)\Mozilla Firefox\browser\features\e10srollout@mozilla.org.xpi
1469913608061	addons.xpi	DEBUG	Calling bootstrap method startup on e10srollout@mozilla.org version 1.0
1469913608061	addons.xpi	DEBUG	Registering manifest for C:\Program Files (x86)\Mozilla Firefox\browser\features\firefox@getpocket.com.xpi
1469913608063	addons.xpi	DEBUG	Calling bootstrap method startup on firefox@getpocket.com version 1.0.2
1469913608066	addons.xpi	DEBUG	Registering manifest for C:\Program Files (x86)\Mozilla Firefox\browser\features\loop@mozilla.org.xpi
1469913608068	addons.xpi	DEBUG	Calling bootstrap method startup on loop@mozilla.org version 1.3.2
1469913608139	addons.manager	DEBUG	Registering shutdown blocker for XPIProvider
1469913608139	addons.manager	DEBUG	Provider finished startup: XPIProvider
1469913608140	addons.manager	DEBUG	Starting provider: LightweightThemeManager
1469913608140	addons.manager	DEBUG	Registering shutdown blocker for LightweightThemeManager
1469913608140	addons.manager	DEBUG	Provider finished startup: LightweightThemeManager
1469913608142	addons.manager	DEBUG	Starting provider: GMPProvider
1469913608193	addons.manager	DEBUG	Registering shutdown blocker for GMPProvider
1469913608194	addons.manager	DEBUG	Provider finished startup: GMPProvider
1469913608194	addons.manager	DEBUG	Starting provider: PluginProvider
1469913608195	addons.manager	DEBUG	Registering shutdown blocker for PluginProvider
1469913608196	addons.manager	DEBUG	Provider finished startup: PluginProvider
1469913608197	addons.manager	DEBUG	Completed startup sequence
1469913610918	addons.manager	DEBUG	Starting provider: <unnamed-provider>
1469913610918	addons.manager	DEBUG	Registering shutdown blocker for <unnamed-provider>
1469913610919	addons.manager	DEBUG	Provider finished startup: <unnamed-provider>
1469913611687	DeferredSave.extensions.json	DEBUG	Write succeeded
1469913611688	addons.xpi-utils	DEBUG	XPI Database saved, setting schema version preference to 17
1469913611689	DeferredSave.extensions.json	DEBUG	Starting timer
1469913611724	DeferredSave.extensions.json	DEBUG	Starting write
1469913611749	addons.repository	DEBUG	No addons.json found.
1469913611751	DeferredSave.addons.json	DEBUG	Save changes
1469913611760	DeferredSave.addons.json	DEBUG	Starting timer
1469913611871	addons.manager	DEBUG	Starting provider: PreviousExperimentProvider
1469913611872	addons.manager	DEBUG	Registering shutdown blocker for PreviousExperimentProvider
1469913611873	addons.manager	DEBUG	Provider finished startup: PreviousExperimentProvider
1469913612004	DeferredSave.addons.json	DEBUG	Starting write
1469913612075	DeferredSave.extensions.json	DEBUG	Write succeeded
1469913612156	DeferredSave.addons.json	DEBUG	Write succeeded

Build info: version: '2.53.0', revision: '35ae25b', time: '2016-03-15 16:57:40'
System info: host: 'RishmaPC', ip: '10.0.0.52', os.name: 'Windows 8.1', os.arch: 'amd64', os.version: '6.3', java.version: '1.8.0_45'
Driver info: driver.version: FirefoxDriver
	at org.openqa.selenium.firefox.internal.NewProfileExtensionConnection.start(NewProfileExtensionConnection.java:124)
	at org.openqa.selenium.firefox.FirefoxDriver.startClient(FirefoxDriver.java:271)
	at org.openqa.selenium.remote.RemoteWebDriver.<init>(RemoteWebDriver.java:119)
	at org.openqa.selenium.firefox.FirefoxDriver.<init>(FirefoxDriver.java:218)
	at org.openqa.selenium.firefox.FirefoxDriver.<init>(FirefoxDriver.java:211)
	at org.openqa.selenium.firefox.FirefoxDriver.<init>(FirefoxDriver.java:207)
	at org.openqa.selenium.firefox.FirefoxDriver.<init>(FirefoxDriver.java:120)
	at assertionName.verifyTitle.veriftitleTest(verifyTitle.java:11)
	at sun.reflect.NativeMethodAccessorImpl.invoke0(Native Method)
	at sun.reflect.NativeMethodAccessorImpl.invoke(Unknown Source)
	at sun.reflect.DelegatingMethodAccessorImpl.invoke(Unknown Source)
	at java.lang.reflect.Method.invoke(Unknown Source)
	at org.testng.internal.MethodInvocationHelper.invokeMethod(MethodInvocationHelper.java:84)
	at org.testng.internal.Invoker.invokeMethod(Invoker.java:714)
	at org.testng.internal.Invoker.invokeTestMethod(Invoker.java:901)
	at org.testng.internal.Invoker.invokeTestMethods(Invoker.java:1231)
	at org.testng.internal.TestMethodWorker.invokeTestMethods(TestMethodWorker.java:127)
	at org.testng.internal.TestMethodWorker.run(TestMethodWorker.java:111)
	at org.testng.TestRunner.privateRun(TestRunner.java:767)
	at org.testng.TestRunner.run(TestRunner.java:617)
	at org.testng.SuiteRunner.runTest(SuiteRunner.java:334)
	at org.testng.SuiteRunner.runSequentially(SuiteRunner.java:329)
	at org.testng.SuiteRunner.privateRun(SuiteRunner.java:291)
	at org.testng.SuiteRunner.run(SuiteRunner.java:240)
	at org.testng.SuiteRunnerWorker.runSuite(SuiteRunnerWorker.java:52)
	at org.testng.SuiteRunnerWorker.run(SuiteRunnerWorker.java:86)
	at org.testng.TestNG.runSuitesSequentially(TestNG.java:1224)
	at org.testng.TestNG.runSuitesLocally(TestNG.java:1149)
	at org.testng.TestNG.run(TestNG.java:1057)
	at org.testng.remote.RemoteTestNG.run(RemoteTestNG.java:111)
	at org.testng.remote.RemoteTestNG.initAndRun(RemoteTestNG.java:204)
	at org.testng.remote.RemoteTestNG.main(RemoteTestNG.java:175)
Caused by: org.openqa.selenium.firefox.NotConnectedException: Unable to connect to host 127.0.0.1 on port 7055 after 45000 ms. Firefox console output:
 het internet met de extensie van Kaspersky Lab","creator":null,"homepageURL":null},{"locales":["pt-BR"],"name":"ProteÃ§Ã£o Kaspersky","description":"Sua proteÃ§Ã£o na Internet com a extensÃ£o da Kaspersky Lab","creator":null,"homepageURL":null},{"locales":["ru"],"name":"Kaspersky Protection","description":"Ð’Ð°ÑˆÐ° Ð·Ð°Ñ‰Ð¸Ñ‚Ð° Ð² Ð¸Ð½Ñ‚ÐµÑ€Ð½ÐµÑ‚Ðµ Ñ� Ñ€Ð°Ñ�ÑˆÐ¸Ñ€ÐµÐ½Ð¸ÐµÐ¼ Ð¾Ñ‚ \\\"Ð›Ð°Ð±Ð¾Ñ€Ð°Ñ‚Ð¾Ñ€Ð¸Ð¸ ÐšÐ°Ñ�Ð¿ÐµÑ€Ñ�ÐºÐ¾Ð³Ð¾\\\"","creator":null,"homepageURL":null},{"locales":["sv"],"name":"Kaspersky Protection","description":"Ditt skydd pÃ¥ internet med tillÃ¤gg frÃ¥n Kaspersky Lab","creator":null,"homepageURL":null},{"locales":["zh-Hans"],"name":"å�¡å·´æ–¯åŸºä¿�æŠ¤","description":"ä½¿ç”¨å�¡å·´æ–¯åŸºå®žéªŒå®¤çš„æ‰©å±•åŠŸèƒ½å¯¹æ‚¨çš„äº’è�”ç½‘çš„ä¿�æŠ¤ã€‚","creator":null,"homepageURL":null}],"targetApplications":[{"id":"{ec8030f7-c20a-464f-9b0e-13a3a9e97384}","minVersion":"26.0","maxVersion":"30.0"}],"targetPlatforms":[],"multiprocessCompatible":false,"signedState":0,"seen":true}
1469913608045	DeferredSave.extensions.json	DEBUG	Save changes
1469913608045	addons.xpi	DEBUG	Updating database with changes to installed add-ons
1469913608046	addons.xpi-utils	DEBUG	Updating add-on states
1469913608049	addons.xpi-utils	DEBUG	Writing add-ons list
1469913608059	addons.xpi	DEBUG	Registering manifest for C:\Program Files (x86)\Mozilla Firefox\browser\features\e10srollout@mozilla.org.xpi
1469913608061	addons.xpi	DEBUG	Calling bootstrap method startup on e10srollout@mozilla.org version 1.0
1469913608061	addons.xpi	DEBUG	Registering manifest for C:\Program Files (x86)\Mozilla Firefox\browser\features\firefox@getpocket.com.xpi
1469913608063	addons.xpi	DEBUG	Calling bootstrap method startup on firefox@getpocket.com version 1.0.2
1469913608066	addons.xpi	DEBUG	Registering manifest for C:\Program Files (x86)\Mozilla Firefox\browser\features\loop@mozilla.org.xpi
1469913608068	addons.xpi	DEBUG	Calling bootstrap method startup on loop@mozilla.org version 1.3.2
1469913608139	addons.manager	DEBUG	Registering shutdown blocker for XPIProvider
1469913608139	addons.manager	DEBUG	Provider finished startup: XPIProvider
1469913608140	addons.manager	DEBUG	Starting provider: LightweightThemeManager
1469913608140	addons.manager	DEBUG	Registering shutdown blocker for LightweightThemeManager
1469913608140	addons.manager	DEBUG	Provider finished startup: LightweightThemeManager
1469913608142	addons.manager	DEBUG	Starting provider: GMPProvider
1469913608193	addons.manager	DEBUG	Registering shutdown blocker for GMPProvider
1469913608194	addons.manager	DEBUG	Provider finished startup: GMPProvider
1469913608194	addons.manager	DEBUG	Starting provider: PluginProvider
1469913608195	addons.manager	DEBUG	Registering shutdown blocker for PluginProvider
1469913608196	addons.manager	DEBUG	Provider finished startup: PluginProvider
1469913608197	addons.manager	DEBUG	Completed startup sequence
1469913610918	addons.manager	DEBUG	Starting provider: <unnamed-provider>
1469913610918	addons.manager	DEBUG	Registering shutdown blocker for <unnamed-provider>
1469913610919	addons.manager	DEBUG	Provider finished startup: <unnamed-provider>
1469913611687	DeferredSave.extensions.json	DEBUG	Write succeeded
1469913611688	addons.xpi-utils	DEBUG	XPI Database saved, setting schema version preference to 17
1469913611689	DeferredSave.extensions.json	DEBUG	Starting timer
1469913611724	DeferredSave.extensions.json	DEBUG	Starting write
1469913611749	addons.repository	DEBUG	No addons.json found.
1469913611751	DeferredSave.addons.json	DEBUG	Save changes
1469913611760	DeferredSave.addons.json	DEBUG	Starting timer
1469913611871	addons.manager	DEBUG	Starting provider: PreviousExperimentProvider
1469913611872	addons.manager	DEBUG	Registering shutdown blocker for PreviousExperimentProvider
1469913611873	addons.manager	DEBUG	Provider finished startup: PreviousExperimentProvider
1469913612004	DeferredSave.addons.json	DEBUG	Starting write
1469913612075	DeferredSave.extensions.json	DEBUG	Write succeeded
1469913612156	DeferredSave.addons.json	DEBUG	Write succeeded

	at org.openqa.selenium.firefox.internal.NewProfileExtensionConnection.start(NewProfileExtensionConnection.java:112)
	... 31 more
]]>
    </failure>
  </testcase> <!-- veriftitleTest -->
</testsuite> <!-- assertionName.verifyTitle -->
